====================================
Dispositivos BLE encontrados:
====================================
  >> Nome: (sem nome)
  >> Endereço: 20:d0:c1:fe:b2:e8
  >> Tipo de Endereço: 1
  >> RSSI: -65 dBm
  >> TX Power: 0 dBm
  >> Appearance: 0
  >> Manufacturer Data: 1073518092
  >> Service Data: 1061159237
  >> Service UUID: 1061159249
  >> Payload Length: 8
  >> Payload: 47 00 00 00 50 CD FD 3F 
......
  >> Nome: (sem nome)
  >> Endereço: 28:f4:1a:4a:77:ba
  >> Tipo de Endereço: 1
  >> RSSI: -78 dBm
  >> TX Power: 0 dBm
  >> Appearance: 0
  >> Manufacturer Data: 1061159237
  >> Service Data: 1073603004
  >> Service UUID: 1061159249
  >> Payload Length: 31
  >> Payload: 01 80 66 4C 57 39 DA 04 18 D4 FD 3F 78 56 AD BA 20 00 00 00 34 12 BA AB 12 00 00 00 35 65 3A 
......
  >> Nome: (sem nome)
  >> Endereço: 4c:57:39:da:04:16
  >> Tipo de Endereço: 0
  >> RSSI: -83 dBm
  >> TX Power: 0 dBm
  >> Appearance: 0
  >> Manufacturer Data: 1073602924
  >> Service Data: 1061159237
  >> Service UUID: 1061159249
  >> Payload Length: 28
  >> Payload: 00 00 00 00 00 00 00 00 00 00 00 00 00 BA A6 12 00 00 00 00 00 00 00 00 00 00 00 00 
......
  >> Nome: Galaxy Watch7 (MD3K)
  >> Endereço: 50:4a:c2:59:bc:cf
  >> Tipo de Endereço: 1
  >> RSSI: -51 dBm
  >> TX Power: 0 dBm
  >> Appearance: 192
  >> Manufacturer Data: 1073518092
  >> Service Data: 1061159237
  >> Service UUID: 1061159249
  >> Payload Length: 46
  >> Payload: 13 00 00 00 02 00 0D 18 02 FD 3F 80 00 00 00 54 D0 FD 3F 11 00 00 01 78 56 AD BA AD 60 D1 FD 3F 30 00 00 00 34 12 BA AB 18 00 00 00 6C D3 
......
  >> Nome: (sem nome)
  >> Endereço: 54:44:a3:d7:ab:81
  >> Tipo de Endereço: 0
  >> RSSI: -74 dBm
  >> TX Power: 0 dBm
  >> Appearance: 0
  >> Manufacturer Data: 1073602924
  >> Service Data: 1061159237
  >> Service UUID: 1061159249
  >> Payload Length: 28
  >> Payload: 50 CD FD 3F C5 FF FF FF 00 00 00 00 00 00 00 00 00 00 00 00 0A 01 71 9B 00 00 00 00 
......
  >> Nome: (sem nome)
  >> Endereço: 5e:57:4b:60:bb:e2
  >> Tipo de Endereço: 1
  >> RSSI: -59 dBm
  >> TX Power: 10 dBm
  >> Appearance: 0
  >> Manufacturer Data: 1073518092
  >> Service Data: 1061159237
  >> Service UUID: 1061159249
  >> Payload Length: 17
  >> Payload: 00 01 00 02 00 01 02 FF 00 00 43 2A 18 D9 FD 3F 12 
......
  >> Nome: (sem nome)
  >> Endereço: 6a:00:10:08:8d:f5
  >> Tipo de Endereço: 1
  >> RSSI: -79 dBm
  >> TX Power: 0 dBm
  >> Appearance: 0
  >> Manufacturer Data: 1061159237
  >> Service Data: 1073603140
  >> Service UUID: 1073603140
  >> Payload Length: 31
  >> Payload: 00 03 00 3F 34 12 BA AB 23 00 00 00 7C D9 FD 3F 00 00 00 00 00 00 00 00 04 3E 14 02 01 03 01 
......
  >> Nome: Galaxy Fit3 (97F3)
  >> Endereço: 74:19:0a:4a:97:f3
  >> Tipo de Endereço: 0
  >> RSSI: -93 dBm
  >> TX Power: 0 dBm
  >> Appearance: 193
  >> Manufacturer Data: 1073603100
  >> Service Data: 1061159237
  >> Service UUID: 1073603100
  >> Payload Length: 51
  >> Payload: 01 03 01 E8 B2 FE C1 D0 50 CD FD 3F BF FF FF FF 00 00 00 00 00 00 00 00 00 00 00 00 00 73 FC 3F 00 00 00 00 00 00 00 00 00 00 00 00 00 00 00 00 00 00 00 
......
  >> Nome: (sem nome)
  >> Endereço: 75:8d:67:8f:8b:82
  >> Tipo de Endereço: 1
  >> RSSI: -71 dBm
  >> TX Power: 0 dBm
  >> Appearance: 0
  >> Manufacturer Data: 1073603100
  >> Service Data: 1061159237
  >> Service UUID: 1061159249
  >> Payload Length: 31
  >> Payload: 56 AD BA 3F 20 00 00 00 34 12 BA AB 12 00 00 00 34 63 3A 35 37 3A 33 39 3A 64 61 3A 30 34 3A 
......
  >> Nome: (sem nome)
  >> Endereço: 7b:12:a6:ba:de:e1
  >> Tipo de Endereço: 1
  >> RSSI: -86 dBm
  >> TX Power: 0 dBm
  >> Appearance: 0
  >> Manufacturer Data: 1073518092
  >> Service Data: 1073603140
  >> Service UUID: 1073603140
  >> Payload Length: 38
  >> Payload: 56 AD BA 3F 38 00 00 00 34 12 BA AB 2C 00 00 00 01 00 00 00 20 D2 FD 3F 00 00 00 00 00 00 00 00 F4 D3 FD 3F 11 00 
......
Dispositivos encontrados: 10
Escaneamento completo!
====================================
Dispositivos BLE encontrados:
====================================
  >> Nome: (sem nome)
  >> Endereço: 20:d0:c1:fe:b2:e8
  >> Tipo de Endereço: 1
  >> RSSI: -61 dBm
  >> TX Power: 0 dBm
  >> Appearance: 0
  >> Manufacturer Data: 1073518092
  >> Service Data: 1061159237
  >> Service UUID: 1061159249
  >> Payload Length: 8
  >> Payload: 56 AD BA 3F 20 00 00 00 
......
  >> Nome: (sem nome)
  >> Endereço: 28:f4:1a:4a:77:ba
  >> Tipo de Endereço: 1
  >> RSSI: -74 dBm
  >> TX Power: 0 dBm
  >> Appearance: 0
  >> Manufacturer Data: 1061159237
  >> Service Data: 1073603044
  >> Service UUID: 1061159249
  >> Payload Length: 31
  >> Payload: 2C 00 00 00 00 00 00 00 80 DD FD 3F 24 DD FD 3F C4 DC FD 3F A0 DC FD 3F 11 00 00 00 11 00 00 
......
  >> Nome: (sem nome)
  >> Endereço: 4c:57:39:da:04:16
  >> Tipo de Endereço: 0
  >> RSSI: -81 dBm
  >> TX Power: 0 dBm
  >> Appearance: 0
  >> Manufacturer Data: 1073602964
  >> Service Data: 1061159237
  >> Service UUID: 1061159249
  >> Payload Length: 28
  >> Payload: 2C 00 00 00 01 00 00 00 58 D8 FD 3F 00 00 00 00 40 DC FD 3F A8 D2 FD 3F 11 00 00 00 
......
  >> Nome: Galaxy Watch7 (MD3K)
  >> Endereço: 50:4a:c2:59:bc:cf
  >> Tipo de Endereço: 1
  >> RSSI: -53 dBm
  >> TX Power: 0 dBm
  >> Appearance: 192
  >> Manufacturer Data: 1073518092
  >> Service Data: 1061159237
  >> Service UUID: 1061159249
  >> Payload Length: 46
  >> Payload: 2C 00 00 00 01 00 00 00 58 D8 FD 3F 00 00 00 00 40 DC FD 3F A8 D2 FD 3F 11 00 00 00 11 00 00 00 04 3E 27 02 01 00 00 F3 97 4A 0A 19 14 D9 
......
  >> Nome: (sem nome)
  >> Endereço: 54:44:a3:d7:ab:81
  >> Tipo de Endereço: 0
  >> RSSI: -70 dBm
  >> TX Power: 0 dBm
  >> Appearance: 0
  >> Manufacturer Data: 1073602964
  >> Service Data: 1061159237
  >> Service UUID: 1061159249
  >> Payload Length: 28
  >> Payload: 50 CD FD 3F AF FF FF FF 00 00 00 00 00 00 00 00 00 00 00 00 00 01 71 9B 00 00 00 00 
......
  >> Nome: (sem nome)
  >> Endereço: 5e:57:4b:60:bb:e2
  >> Tipo de Endereço: 1
  >> RSSI: -60 dBm
  >> TX Power: 10 dBm
  >> Appearance: 0
  >> Manufacturer Data: 1073518092
  >> Service Data: 1061159237
  >> Service UUID: 1061159249
  >> Payload Length: 17
  >> Payload: 30 00 00 00 34 12 BA AB 18 00 00 00 20 D2 FD 3F 14 
......
  >> Nome: (sem nome)
  >> Endereço: 6a:00:10:08:8d:f5
  >> Tipo de Endereço: 1
  >> RSSI: -80 dBm
  >> TX Power: 0 dBm
  >> Appearance: 0
  >> Manufacturer Data: 1061159237
  >> Service Data: 1073603180
  >> Service UUID: 1073603180
  >> Payload Length: 31
  >> Payload: 74 A5 0F 40 B8 DB FD 3F 90 D1 FD 3F 78 56 AD BA 20 00 00 00 34 12 BA AB 12 00 00 00 37 62 3A 
......
  >> Nome: (sem nome)
  >> Endereço: 74:19:0a:4a:97:f3
  >> Tipo de Endereço: 0
  >> RSSI: -94 dBm
  >> TX Power: 0 dBm
  >> Appearance: 0
  >> Manufacturer Data: 1073603140
  >> Service Data: 1061159237
  >> Service UUID: 1073603140
  >> Payload Length: 27
  >> Payload: E4 73 FC 3F 42 11 32 E0 40 4C E3 77 D8 D9 FD 3F 00 00 00 00 00 80 C1 98 53 B6 78 
......
  >> Nome: (sem nome)
  >> Endereço: 75:8d:67:8f:8b:82
  >> Tipo de Endereço: 1
  >> RSSI: -73 dBm
  >> TX Power: 0 dBm
  >> Appearance: 0
  >> Manufacturer Data: 1073603140
  >> Service Data: 1061159237
  >> Service UUID: 1061159249
  >> Payload Length: 31
  >> Payload: 2C 00 00 00 00 00 00 00 CC DE FD 3F 00 00 00 00 00 00 00 00 F0 CE FD 3F 11 00 00 00 11 00 00 
......
  >> Nome: (sem nome)
  >> Endereço: 7b:12:a6:ba:de:e1
  >> Tipo de Endereço: 1
  >> RSSI: -84 dBm
  >> TX Power: 0 dBm
  >> Appearance: 0
  >> Manufacturer Data: 1073518092
  >> Service Data: 1073603180
  >> Service UUID: 1073603180
  >> Payload Length: 38
  >> Payload: 02 00 01 03 FF 00 00 43 2D 00 24 00 28 D3 FD 3F 14 00 00 00 1E 00 00 00 43 00 00 00 34 12 BA AB 31 00 00 00 50 CD 
......
Dispositivos encontrados: 10
Escaneamento completo!
====================================
Dispositivos BLE encontrados:
====================================
  >> Nome: (sem nome)
  >> Endereço: 20:d0:c1:fe:b2:e8
  >> Tipo de Endereço: 1
  >> RSSI: -58 dBm
  >> TX Power: 0 dBm
  >> Appearance: 0
  >> Manufacturer Data: 1073518092
  >> Service Data: 1061159237
  >> Service UUID: 1061159249
  >> Payload Length: 8
  >> Payload: 01 80 66 54 44 A3 D7 AB 
......
  >> Nome: (sem nome)
  >> Endereço: 28:f4:1a:4a:77:ba
  >> Tipo de Endereço: 1
  >> RSSI: -75 dBm
  >> TX Power: 0 dBm
  >> Appearance: 0
  >> Manufacturer Data: 1061159237
  >> Service Data: 1073603508
  >> Service UUID: 1061159249
  >> Payload Length: 31
  >> Payload: 2C 00 00 00 00 00 00 00 54 DB FD 3F 00 00 00 00 00 00 00 00 84 DA FD 3F 11 00 00 00 11 00 00 
......
  >> Nome: (sem nome)
  >> Endereço: 4c:57:39:da:04:16
  >> Tipo de Endereço: 0
  >> RSSI: -83 dBm
  >> TX Power: 0 dBm
  >> Appearance: 0
  >> Manufacturer Data: 1073603428
  >> Service Data: 1061159237
  >> Service UUID: 1061159249
  >> Payload Length: 28
  >> Payload: 56 AD BA 3F 20 00 00 00 34 12 BA AB 12 00 00 00 35 34 3A 34 34 3A 61 33 3A 64 37 3A 
......
  >> Nome: Galaxy Watch7 (MD3K)
  >> Endereço: 50:4a:c2:59:bc:cf
  >> Tipo de Endereço: 1
  >> RSSI: -50 dBm
  >> TX Power: 0 dBm
  >> Appearance: 192
  >> Manufacturer Data: 1073518092
  >> Service Data: 1061159237
  >> Service UUID: 1061159249
  >> Payload Length: 46
  >> Payload: 56 AD BA 3F 20 00 00 00 34 12 BA AB 13 00 00 00 02 00 F3 FE 02 FD 3F 80 00 00 00 54 D0 FD 3F 11 00 00 01 78 56 AD BA 3F 28 00 00 00 34 12 
......
  >> Nome: (sem nome)
  >> Endereço: 54:44:a3:d7:ab:81
  >> Tipo de Endereço: 0
  >> RSSI: -76 dBm
  >> TX Power: 0 dBm
  >> Appearance: 0
  >> Manufacturer Data: 1073603428
  >> Service Data: 1061159237
  >> Service UUID: 1061159249
  >> Payload Length: 28
  >> Payload: 6C CE FD 3F 7F CE FD 3F 7F CE FD 3F 00 04 01 E1 18 D2 FD 3F 30 D2 FD 3F 30 D2 FD 3F 
......
  >> Nome: (sem nome)
  >> Endereço: 55:db:0d:97:21:65
  >> Tipo de Endereço: 1
  >> RSSI: -84 dBm
  >> TX Power: 0 dBm
  >> Appearance: 0
  >> Manufacturer Data: 1061159237
  >> Service Data: 1073603644
  >> Service UUID: 1073603644
  >> Payload Length: 31
  >> Payload: 01 80 66 54 44 A3 D7 AB 80 D0 FD 3F 78 56 AD BA 40 00 00 00 34 12 BA AB 2C 00 00 00 01 00 00 
......
  >> Nome: (sem nome)
  >> Endereço: 5e:57:4b:60:bb:e2
  >> Tipo de Endereço: 1
  >> RSSI: -59 dBm
  >> TX Power: 10 dBm
  >> Appearance: 0
  >> Manufacturer Data: 1073518092
  >> Service Data: 1061159237
  >> Service UUID: 1061159249
  >> Payload Length: 17
  >> Payload: 56 AD BA 3F 20 00 00 00 34 12 BA AB 13 00 00 00 02 
......
  >> Nome: (sem nome)
  >> Endereço: 6a:00:10:08:8d:f5
  >> Tipo de Endereço: 1
  >> RSSI: -79 dBm
  >> TX Power: 0 dBm
  >> Appearance: 0
  >> Manufacturer Data: 1061159237
  >> Service Data: 1073603644
  >> Service UUID: 1073603644
  >> Payload Length: 31
  >> Payload: 01 80 66 54 44 A3 D7 AB 80 D0 FD 3F 78 56 AD BA 40 00 00 00 34 12 BA AB 2C 00 00 00 01 00 00 
......
  >> Nome: (sem nome)
  >> Endereço: 74:19:0a:4a:97:f3
  >> Tipo de Endereço: 0
  >> RSSI: -93 dBm
  >> TX Power: 0 dBm
  >> Appearance: 0
  >> Manufacturer Data: 1073603604
  >> Service Data: 1061159237
  >> Service UUID: 1073603604
  >> Payload Length: 27
  >> Payload: E4 73 FC 3F 42 11 32 E0 40 4C E3 77 EC D8 FD 3F 00 00 00 00 00 80 C1 98 53 B5 78 
......
  >> Nome: (sem nome)
  >> Endereço: 75:8d:67:8f:8b:82
  >> Tipo de Endereço: 1
  >> RSSI: -74 dBm
  >> TX Power: 0 dBm
  >> Appearance: 0
  >> Manufacturer Data: 1073518092
  >> Service Data: 1061159237
  >> Service UUID: 1061159249
  >> Payload Length: 47
  >> Payload: 2C 00 00 00 01 00 00 00 F0 DD FD 3F 7C DF FD 3F 00 00 00 00 4C D1 FD 3F 11 00 00 00 11 00 00 00 FF 75 00 13 E6 51 32 E0 D4 C7 65 6E 7C D4 FD 
......
  >> Nome: (sem nome)
  >> Endereço: 7b:12:a6:ba:de:e1
  >> Tipo de Endereço: 1
  >> RSSI: -74 dBm
  >> TX Power: 0 dBm
  >> Appearance: 0
  >> Manufacturer Data: 1073518092
  >> Service Data: 1073603644
  >> Service UUID: 1073603644
  >> Payload Length: 38
  >> Payload: 2C 00 00 00 01 00 00 00 F0 DD FD 3F 7C DF FD 3F 00 00 00 00 4C D1 FD 3F 11 00 00 00 11 00 00 00 FF 75 00 13 E6 51 
......
Dispositivos encontrados: 11
Escaneamento completo!